Arguments: 
  D:\nodeJS\node.exe C:\Users\lamak\AppData\Roaming\npm\node_modules\yarn\bin\yarn.js start

PATH: 
  C:\Python311\Scripts\;C:\Python311\;C:\Program Files (x86)\Common Files\Oracle\Java\javapath;D:\XAMPP\php;C:\ProgramData\ComposerSetup\bin;C:\WINDOWS\system32;C:\WINDOWS;C:\WINDOWS\System32\Wbem;C:\WINDOWS\System32\WindowsPowerShell\v1.0\;C:\WINDOWS\System32\OpenSSH\;D:\Git\cmd;D:\nodeJS\;C:\ProgramData\chocolatey\bin;C:\Users\lamak\AppData\Local\Microsoft\WindowsApps;C:\Users\lamak\AppData\Roaming\Composer\vendor\bin;C:\Program Files\nodejs\;C:\Users\lamak\AppData\Local\Microsoft\WindowsApps;;D:\Microsoft VS Code\bin;C:\Users\lamak\AppData\Roaming\npm

Yarn version: 
  1.22.19

Node version: 
  18.15.0

Platform: 
  win32 ia32

Trace: 
  SyntaxError: D:\a_vs_workspace\Sonic_1\package.json: Unexpected end of JSON input
      at JSON.parse (<anonymous>)
      at C:\Users\lamak\AppData\Roaming\npm\node_modules\yarn\lib\cli.js:1629:59
      at Generator.next (<anonymous>)
      at step (C:\Users\lamak\AppData\Roaming\npm\node_modules\yarn\lib\cli.js:310:30)
      at C:\Users\lamak\AppData\Roaming\npm\node_modules\yarn\lib\cli.js:321:13

npm manifest: 
  

yarn manifest: 
  No manifest

Lockfile: 
  No lockfile
